<?xml version="1.0" encoding="UTF-8"?>
<testsuite xmlns:xsi="http://www.w3.org/2001/XMLSchema-instance" xsi:noNamespaceSchemaLocation="https://maven.apache.org/surefire/maven-surefire-plugin/xsd/surefire-test-report-3.0.xsd" version="3.0" name="com.cloudkitchen.rbac.RbacServiceApplicationTests" time="50.916" tests="1" errors="0" skipped="0" failures="0">
  <properties>
[...]
</properties>
  <testcase name="contextLoads" classname="com.cloudkitchen.rbac.RbacServiceApplicationTests" time="8.343">
    <system-out><![CDATA[15:04:07.707 [main] INFO org.springframework.test.context.support.AnnotationConfigContextLoaderUtils -- Could not detect default configuration classes for test class [com.cloudkitchen.rbac.RbacServiceApplicationTests]: RbacServiceApplicationTests does not declare any static, non-private, non-final, nested classes annotated with @Configuration.
15:04:08.083 [main] INFO org.springframework.boot.test.context.SpringBootTestContextBootstrapper -- Found @SpringBootConfiguration com.cloudkitchen.rbac.RbacServiceApplication for test class com.cloudkitchen.rbac.RbacServiceApplicationTests

  .   ____          _            __ _ _
 /\\ / ___'_ __ _ _(_)_ __  __ _ \ \ \ \
( ( )\___ | '_ | '_| | '_ \/ _` | \ \ \ \
 \\/  ___)| |_)| | | | | || (_| |  ) ) ) )
  '  |____| .__|_| |_|_| |_\__, | / / / /
 =========|_|==============|___/=/_/_/_/

 :: Spring Boot ::                (v3.3.3)

2025-08-26T15:04:10.438+05:30  INFO 16540 --- [           main] c.c.rbac.RbacServiceApplicationTests     : Starting RbacServiceApplicationTests using Java 21.0.8 with PID 16540 (started by yoges in C:\cloud-kitchen-rbac-service)
2025-08-26T15:04:10.441+05:30  INFO 16540 --- [           main] c.c.rbac.RbacServiceApplicationTests     : No active profile set, falling back to 1 default profile: "default"
2025-08-26T15:04:16.924+05:30  INFO 16540 --- [           main] .s.d.r.c.RepositoryConfigurationDelegate : Bootstrapping Spring Data JPA repositories in DEFAULT mode.
2025-08-26T15:04:17.794+05:30  INFO 16540 --- [           main] .s.d.r.c.RepositoryConfigurationDelegate : Finished Spring Data repository scanning in 694 ms. Found 7 JPA repository interfaces.
2025-08-26T15:04:20.682+05:30  INFO 16540 --- [           main] o.hibernate.jpa.internal.util.LogHelper  : HHH000204: Processing PersistenceUnitInfo [name: default]
2025-08-26T15:04:20.875+05:30  INFO 16540 --- [           main] org.hibernate.Version                    : HHH000412: Hibernate ORM core version 6.5.2.Final
2025-08-26T15:04:20.983+05:30  INFO 16540 --- [           main] o.h.c.internal.RegionFactoryInitiator    : HHH000026: Second-level cache disabled
2025-08-26T15:04:22.078+05:30  INFO 16540 --- [           main] o.s.o.j.p.SpringPersistenceUnitInfo      : No LoadTimeWeaver setup: ignoring JPA class transformer
2025-08-26T15:04:22.148+05:30  INFO 16540 --- [           main] com.zaxxer.hikari.HikariDataSource       : HikariPool-1 - Starting...
2025-08-26T15:04:22.769+05:30  INFO 16540 --- [           main] com.zaxxer.hikari.pool.HikariPool        : HikariPool-1 - Added connection org.postgresql.jdbc.PgConnection@17d76ebb
2025-08-26T15:04:22.773+05:30  INFO 16540 --- [           main] com.zaxxer.hikari.HikariDataSource       : HikariPool-1 - Start completed.
2025-08-26T15:04:23.005+05:30  WARN 16540 --- [           main] org.hibernate.orm.deprecation            : HHH90000025: PostgreSQLDialect does not need to be specified explicitly using 'hibernate.dialect' (remove the property setting and it will be selected by default)
2025-08-26T15:04:28.183+05:30  INFO 16540 --- [           main] o.h.e.t.j.p.i.JtaPlatformInitiator       : HHH000489: No JTA platform available (set 'hibernate.transaction.jta.platform' to enable JTA platform integration)
Hibernate: 
    alter table if exists otp_logs 
       drop constraint if exists FK37rnnbm1agw0ykg8hm5rcmcp5
2025-08-26T15:04:28.280+05:30  WARN 16540 --- [           main] o.h.engine.jdbc.spi.SqlExceptionHelper   : SQL Warning Code: 0, SQLState: 00000
2025-08-26T15:04:28.280+05:30  WARN 16540 --- [           main] o.h.engine.jdbc.spi.SqlExceptionHelper   : relation "otp_logs" does not exist, skipping
Hibernate: 
    alter table if exists role_permissions 
       drop constraint if exists FKegdk29eiy7mdtefy5c7eirr6e
2025-08-26T15:04:28.283+05:30  WARN 16540 --- [           main] o.h.engine.jdbc.spi.SqlExceptionHelper   : SQL Warning Code: 0, SQLState: 00000
2025-08-26T15:04:28.283+05:30  WARN 16540 --- [           main] o.h.engine.jdbc.spi.SqlExceptionHelper   : relation "role_permissions" does not exist, skipping
Hibernate: 
    alter table if exists role_permissions 
       drop constraint if exists FKn5fotdgk8d1xvo8nav9uv3muc
2025-08-26T15:04:28.284+05:30  WARN 16540 --- [           main] o.h.engine.jdbc.spi.SqlExceptionHelper   : SQL Warning Code: 0, SQLState: 00000
2025-08-26T15:04:28.285+05:30  WARN 16540 --- [           main] o.h.engine.jdbc.spi.SqlExceptionHelper   : relation "role_permissions" does not exist, skipping
Hibernate: 
    alter table if exists user_roles 
       drop constraint if exists FK5weuepafkqdviecerw6mgvmvc
2025-08-26T15:04:28.286+05:30  WARN 16540 --- [           main] o.h.engine.jdbc.spi.SqlExceptionHelper   : SQL Warning Code: 0, SQLState: 00000
2025-08-26T15:04:28.286+05:30  WARN 16540 --- [           main] o.h.engine.jdbc.spi.SqlExceptionHelper   : relation "user_roles" does not exist, skipping
Hibernate: 
    alter table if exists user_roles 
       drop constraint if exists FKh8ciramu9cc9q3qcqiv4ue8a6
2025-08-26T15:04:28.287+05:30  WARN 16540 --- [           main] o.h.engine.jdbc.spi.SqlExceptionHelper   : SQL Warning Code: 0, SQLState: 00000
2025-08-26T15:04:28.288+05:30  WARN 16540 --- [           main] o.h.engine.jdbc.spi.SqlExceptionHelper   : relation "user_roles" does not exist, skipping
Hibernate: 
    alter table if exists user_roles 
       drop constraint if exists FKhfh9dx7w3ubf1co1vdev94g3f
2025-08-26T15:04:28.290+05:30  WARN 16540 --- [           main] o.h.engine.jdbc.spi.SqlExceptionHelper   : SQL Warning Code: 0, SQLState: 00000
2025-08-26T15:04:28.290+05:30  WARN 16540 --- [           main] o.h.engine.jdbc.spi.SqlExceptionHelper   : relation "user_roles" does not exist, skipping
Hibernate: 
    alter table if exists users 
       drop constraint if exists FKay3joh8dntu87ym5elbd0i8mw
2025-08-26T15:04:28.291+05:30  WARN 16540 --- [           main] o.h.engine.jdbc.spi.SqlExceptionHelper   : SQL Warning Code: 0, SQLState: 00000
2025-08-26T15:04:28.291+05:30  WARN 16540 --- [           main] o.h.engine.jdbc.spi.SqlExceptionHelper   : relation "users" does not exist, skipping
Hibernate: 
    drop table if exists merchants cascade
2025-08-26T15:04:28.293+05:30  WARN 16540 --- [           main] o.h.engine.jdbc.spi.SqlExceptionHelper   : SQL Warning Code: 0, SQLState: 00000
2025-08-26T15:04:28.293+05:30  WARN 16540 --- [           main] o.h.engine.jdbc.spi.SqlExceptionHelper   : table "merchants" does not exist, skipping
Hibernate: 
    drop table if exists otp_logs cascade
2025-08-26T15:04:28.294+05:30  WARN 16540 --- [           main] o.h.engine.jdbc.spi.SqlExceptionHelper   : SQL Warning Code: 0, SQLState: 00000
2025-08-26T15:04:28.294+05:30  WARN 16540 --- [           main] o.h.engine.jdbc.spi.SqlExceptionHelper   : table "otp_logs" does not exist, skipping
Hibernate: 
    drop table if exists permissions cascade
2025-08-26T15:04:28.297+05:30  WARN 16540 --- [           main] o.h.engine.jdbc.spi.SqlExceptionHelper   : SQL Warning Code: 0, SQLState: 00000
2025-08-26T15:04:28.298+05:30  WARN 16540 --- [           main] o.h.engine.jdbc.spi.SqlExceptionHelper   : table "permissions" does not exist, skipping
Hibernate: 
    drop table if exists role_permissions cascade
2025-08-26T15:04:28.299+05:30  WARN 16540 --- [           main] o.h.engine.jdbc.spi.SqlExceptionHelper   : SQL Warning Code: 0, SQLState: 00000
2025-08-26T15:04:28.300+05:30  WARN 16540 --- [           main] o.h.engine.jdbc.spi.SqlExceptionHelper   : table "role_permissions" does not exist, skipping
Hibernate: 
    drop table if exists roles cascade
2025-08-26T15:04:28.302+05:30  WARN 16540 --- [           main] o.h.engine.jdbc.spi.SqlExceptionHelper   : SQL Warning Code: 0, SQLState: 00000
2025-08-26T15:04:28.302+05:30  WARN 16540 --- [           main] o.h.engine.jdbc.spi.SqlExceptionHelper   : table "roles" does not exist, skipping
Hibernate: 
    drop table if exists user_roles cascade
2025-08-26T15:04:28.304+05:30  WARN 16540 --- [           main] o.h.engine.jdbc.spi.SqlExceptionHelper   : SQL Warning Code: 0, SQLState: 00000
2025-08-26T15:04:28.304+05:30  WARN 16540 --- [           main] o.h.engine.jdbc.spi.SqlExceptionHelper   : table "user_roles" does not exist, skipping
Hibernate: 
    drop table if exists users cascade
2025-08-26T15:04:28.305+05:30  WARN 16540 --- [           main] o.h.engine.jdbc.spi.SqlExceptionHelper   : SQL Warning Code: 0, SQLState: 00000
2025-08-26T15:04:28.305+05:30  WARN 16540 --- [           main] o.h.engine.jdbc.spi.SqlExceptionHelper   : table "users" does not exist, skipping
Hibernate: 
    create table merchants (
        created_by integer,
        is_active boolean,
        merchant_id integer generated by default as identity,
        updated_by integer,
        created_on TIMESTAMP DEFAULT CURRENT_TIMESTAMP,
        subscription_expires_at timestamp(6),
        updated_on TIMESTAMP DEFAULT CURRENT_TIMESTAMP,
        pincode varchar(10),
        gstin varchar(20),
        phone varchar(20),
        fssai_license varchar(50),
        subscription_plan varchar(50),
        business_type varchar(100),
        city varchar(100),
        country varchar(100),
        state varchar(100),
        website_url varchar(500),
        address TEXT,
        business_name varchar(255),
        email varchar(255) unique,
        merchant_name varchar(255) not null unique,
        primary key (merchant_id)
    )
Hibernate: 
    create table otp_logs (
        attempts_count integer not null,
        merchant_id integer,
        otp_log_id integer generated by default as identity,
        otp_code varchar(6) not null,
        created_on TIMESTAMP DEFAULT CURRENT_TIMESTAMP,
        expires_at timestamp(6) not null,
        verified_at timestamp(6),
        otp_type varchar(20) not null check (otp_type in ('LOGIN','REGISTRATION','PASSWORD_RESET','PHONE_VERIFICATION')),
        status varchar(20) not null check (status in ('SENT','VERIFIED','EXPIRED','FAILED')),
        ip_address varchar(45),
        phone varchar(255) not null,
        user_agent varchar(255),
        primary key (otp_log_id)
    )
Hibernate: 
    create table permissions (
        created_by integer,
        permission_id integer generated by default as identity,
        updated_by integer,
        created_on TIMESTAMP DEFAULT CURRENT_TIMESTAMP,
        updated_on TIMESTAMP DEFAULT CURRENT_TIMESTAMP,
        action varchar(50) not null,
        permission_name varchar(100) not null unique,
        resource varchar(100) not null,
        description TEXT,
        primary key (permission_id)
    )
Hibernate: 
    create table role_permissions (
        created_by integer,
        permission_id integer not null,
        role_id integer not null,
        role_permission_id integer generated by default as identity,
        updated_by integer,
        created_on TIMESTAMP DEFAULT CURRENT_TIMESTAMP,
        updated_on TIMESTAMP DEFAULT CURRENT_TIMESTAMP,
        primary key (role_permission_id),
        unique (role_id, permission_id)
    )
Hibernate: 
    create table roles (
        created_by integer,
        is_system_role boolean,
        role_id integer generated by default as identity,
        updated_by integer,
        created_on TIMESTAMP DEFAULT CURRENT_TIMESTAMP,
        updated_on TIMESTAMP DEFAULT CURRENT_TIMESTAMP,
        role_name varchar(100) not null unique,
        description TEXT,
        primary key (role_id)
    )
Hibernate: 
    create table user_roles (
        created_by integer,
        merchant_id integer,
        role_id integer not null,
        updated_by integer,
        user_id integer not null,
        user_role_id integer generated by default as identity,
        assigned_at timestamp(6),
        created_on TIMESTAMP DEFAULT CURRENT_TIMESTAMP,
        expires_at timestamp(6),
        updated_on TIMESTAMP DEFAULT CURRENT_TIMESTAMP,
        primary key (user_role_id),
        unique (user_id, role_id, merchant_id)
    )
Hibernate: 
    create table users (
        created_by integer,
        date_of_birth date,
        email_verified boolean,
        is_active boolean,
        is_guest boolean,
        is_verified boolean,
        merchant_id integer,
        otp_attempts integer,
        phone_verified boolean,
        updated_by integer,
        user_id integer generated by default as identity,
        otp_code varchar(6),
        created_on TIMESTAMP DEFAULT CURRENT_TIMESTAMP,
        email_verified_at timestamp(6),
        guest_converted_at timestamp(6),
        last_login_at timestamp(6),
        otp_blocked_until timestamp(6),
        otp_expires_at timestamp(6),
        password_reset_expires_at timestamp(6),
        updated_on TIMESTAMP DEFAULT CURRENT_TIMESTAMP,
        gender varchar(10),
        phone varchar(20) not null,
        preferred_login_method varchar(20),
        user_type varchar(20),
        first_name varchar(100),
        last_name varchar(100),
        username varchar(100),
        profile_image_url varchar(500),
        address TEXT,
        email varchar(255),
        email_verification_token varchar(255),
        password_hash varchar(255),
        password_reset_token varchar(255),
        primary key (user_id)
    )
Hibernate: 
    create index idx_users_merchant_phone 
       on users (merchant_id, phone)
Hibernate: 
    create index idx_users_merchant_email 
       on users (merchant_id, email)
Hibernate: 
    create index idx_users_phone 
       on users (phone)
Hibernate: 
    create index idx_users_email 
       on users (email)
Hibernate: 
    create index idx_users_active 
       on users (is_active)
Hibernate: 
    alter table if exists otp_logs 
       add constraint FK37rnnbm1agw0ykg8hm5rcmcp5 
       foreign key (merchant_id) 
       references merchants
Hibernate: 
    alter table if exists role_permissions 
       add constraint FKegdk29eiy7mdtefy5c7eirr6e 
       foreign key (permission_id) 
       references permissions
Hibernate: 
    alter table if exists role_permissions 
       add constraint FKn5fotdgk8d1xvo8nav9uv3muc 
       foreign key (role_id) 
       references roles
Hibernate: 
    alter table if exists user_roles 
       add constraint FK5weuepafkqdviecerw6mgvmvc 
       foreign key (merchant_id) 
       references merchants
Hibernate: 
    alter table if exists user_roles 
       add constraint FKh8ciramu9cc9q3qcqiv4ue8a6 
       foreign key (role_id) 
       references roles
Hibernate: 
    alter table if exists user_roles 
       add constraint FKhfh9dx7w3ubf1co1vdev94g3f 
       foreign key (user_id) 
       references users
Hibernate: 
    alter table if exists users 
       add constraint FKay3joh8dntu87ym5elbd0i8mw 
       foreign key (merchant_id) 
       references merchants
2025-08-26T15:04:28.488+05:30  INFO 16540 --- [           main] j.LocalContainerEntityManagerFactoryBean : Initialized JPA EntityManagerFactory for persistence unit 'default'
2025-08-26T15:04:30.331+05:30  INFO 16540 --- [           main] o.s.d.j.r.query.QueryEnhancerFactory     : Hibernate is in classpath; If applicable, HQL parser will be used.
2025-08-26T15:04:34.244+05:30  WARN 16540 --- [           main] JpaBaseConfiguration$JpaWebConfiguration : spring.jpa.open-in-view is enabled by default. Therefore, database queries may be performed during view rendering. Explicitly configure spring.jpa.open-in-view to disable this warning
2025-08-26T15:04:34.478+05:30  INFO 16540 --- [           main] r$InitializeUserDetailsManagerConfigurer : Global AuthenticationManager configured with UserDetailsService bean with name customUserDetailsService
2025-08-26T15:04:34.919+05:30  INFO 16540 --- [           main] o.s.b.a.w.s.WelcomePageHandlerMapping    : Adding welcome page: class path resource [static/index.html]
2025-08-26T15:04:48.358+05:30  INFO 16540 --- [           main] c.c.rbac.RbacServiceApplicationTests     : Started RbacServiceApplicationTests in 39.93 seconds (process running for 43.312)
Hibernate: 
    select
        count(*) 
    from
        roles r1_0
Hibernate: 
    insert 
    into
        roles
        (created_by, description, role_name, is_system_role, updated_by) 
    values
        (?, ?, ?, ?, ?) 
    returning role_id
Hibernate: 
    insert 
    into
        roles
        (created_by, description, role_name, is_system_role, updated_by) 
    values
        (?, ?, ?, ?, ?) 
    returning role_id
Hibernate: 
    insert 
    into
        roles
        (created_by, description, role_name, is_system_role, updated_by) 
    values
        (?, ?, ?, ?, ?) 
    returning role_id
Hibernate: 
    insert 
    into
        roles
        (created_by, description, role_name, is_system_role, updated_by) 
    values
        (?, ?, ?, ?, ?) 
    returning role_id
Hibernate: 
    insert 
    into
        roles
        (created_by, description, role_name, is_system_role, updated_by) 
    values
        (?, ?, ?, ?, ?) 
    returning role_id
Hibernate: 
    select
        count(*) 
    from
        permissions p1_0
Hibernate: 
    insert 
    into
        permissions
        (action, created_by, description, permission_name, resource, updated_by) 
    values
        (?, ?, ?, ?, ?, ?) 
    returning permission_id
Hibernate: 
    insert 
    into
        permissions
        (action, created_by, description, permission_name, resource, updated_by) 
    values
        (?, ?, ?, ?, ?, ?) 
    returning permission_id
Hibernate: 
    insert 
    into
        permissions
        (action, created_by, description, permission_name, resource, updated_by) 
    values
        (?, ?, ?, ?, ?, ?) 
    returning permission_id
Hibernate: 
    insert 
    into
        permissions
        (action, created_by, description, permission_name, resource, updated_by) 
    values
        (?, ?, ?, ?, ?, ?) 
    returning permission_id
Hibernate: 
    insert 
    into
        permissions
        (action, created_by, description, permission_name, resource, updated_by) 
    values
        (?, ?, ?, ?, ?, ?) 
    returning permission_id
Hibernate: 
    insert 
    into
        permissions
        (action, created_by, description, permission_name, resource, updated_by) 
    values
        (?, ?, ?, ?, ?, ?) 
    returning permission_id
Hibernate: 
    insert 
    into
        permissions
        (action, created_by, description, permission_name, resource, updated_by) 
    values
        (?, ?, ?, ?, ?, ?) 
    returning permission_id
Hibernate: 
    insert 
    into
        permissions
        (action, created_by, description, permission_name, resource, updated_by) 
    values
        (?, ?, ?, ?, ?, ?) 
    returning permission_id
Hibernate: 
    insert 
    into
        permissions
        (action, created_by, description, permission_name, resource, updated_by) 
    values
        (?, ?, ?, ?, ?, ?) 
    returning permission_id
Hibernate: 
    insert 
    into
        permissions
        (action, created_by, description, permission_name, resource, updated_by) 
    values
        (?, ?, ?, ?, ?, ?) 
    returning permission_id
Hibernate: 
    insert 
    into
        permissions
        (action, created_by, description, permission_name, resource, updated_by) 
    values
        (?, ?, ?, ?, ?, ?) 
    returning permission_id
Hibernate: 
    insert 
    into
        permissions
        (action, created_by, description, permission_name, resource, updated_by) 
    values
        (?, ?, ?, ?, ?, ?) 
    returning permission_id
Hibernate: 
    insert 
    into
        permissions
        (action, created_by, description, permission_name, resource, updated_by) 
    values
        (?, ?, ?, ?, ?, ?) 
    returning permission_id
Hibernate: 
    select
        count(*) 
    from
        role_permissions rp1_0
Hibernate: 
    select
        r1_0.role_id,
        r1_0.created_by,
        r1_0.created_on,
        r1_0.description,
        r1_0.role_name,
        r1_0.is_system_role,
        r1_0.updated_by,
        r1_0.updated_on 
    from
        roles r1_0 
    where
        r1_0.role_name=?
Hibernate: 
    select
        r1_0.role_id,
        r1_0.created_by,
        r1_0.created_on,
        r1_0.description,
        r1_0.role_name,
        r1_0.is_system_role,
        r1_0.updated_by,
        r1_0.updated_on 
    from
        roles r1_0 
    where
        r1_0.role_name=?
Hibernate: 
    select
        p1_0.permission_id,
        p1_0.action,
        p1_0.created_by,
        p1_0.created_on,
        p1_0.description,
        p1_0.permission_name,
        p1_0.resource,
        p1_0.updated_by,
        p1_0.updated_on 
    from
        permissions p1_0
Hibernate: 
    insert 
    into
        role_permissions
        (created_by, permission_id, role_id, updated_by) 
    values
        (?, ?, ?, ?) 
    returning role_permission_id
Hibernate: 
    insert 
    into
        role_permissions
        (created_by, permission_id, role_id, updated_by) 
    values
        (?, ?, ?, ?) 
    returning role_permission_id
Hibernate: 
    insert 
    into
        role_permissions
        (created_by, permission_id, role_id, updated_by) 
    values
        (?, ?, ?, ?) 
    returning role_permission_id
Hibernate: 
    insert 
    into
        role_permissions
        (created_by, permission_id, role_id, updated_by) 
    values
        (?, ?, ?, ?) 
    returning role_permission_id
Hibernate: 
    insert 
    into
        role_permissions
        (created_by, permission_id, role_id, updated_by) 
    values
        (?, ?, ?, ?) 
    returning role_permission_id
Hibernate: 
    insert 
    into
        role_permissions
        (created_by, permission_id, role_id, updated_by) 
    values
        (?, ?, ?, ?) 
    returning role_permission_id
Hibernate: 
    insert 
    into
        role_permissions
        (created_by, permission_id, role_id, updated_by) 
    values
        (?, ?, ?, ?) 
    returning role_permission_id
Hibernate: 
    insert 
    into
        role_permissions
        (created_by, permission_id, role_id, updated_by) 
    values
        (?, ?, ?, ?) 
    returning role_permission_id
Hibernate: 
    insert 
    into
        role_permissions
        (created_by, permission_id, role_id, updated_by) 
    values
        (?, ?, ?, ?) 
    returning role_permission_id
Hibernate: 
    insert 
    into
        role_permissions
        (created_by, permission_id, role_id, updated_by) 
    values
        (?, ?, ?, ?) 
    returning role_permission_id
Hibernate: 
    insert 
    into
        role_permissions
        (created_by, permission_id, role_id, updated_by) 
    values
        (?, ?, ?, ?) 
    returning role_permission_id
Hibernate: 
    insert 
    into
        role_permissions
        (created_by, permission_id, role_id, updated_by) 
    values
        (?, ?, ?, ?) 
    returning role_permission_id
Hibernate: 
    insert 
    into
        role_permissions
        (created_by, permission_id, role_id, updated_by) 
    values
        (?, ?, ?, ?) 
    returning role_permission_id
Hibernate: 
    select
        p1_0.permission_id,
        p1_0.action,
        p1_0.created_by,
        p1_0.created_on,
        p1_0.description,
        p1_0.permission_name,
        p1_0.resource,
        p1_0.updated_by,
        p1_0.updated_on 
    from
        permissions p1_0 
    where
        p1_0.permission_name=?
Hibernate: 
    insert 
    into
        role_permissions
        (created_by, permission_id, role_id, updated_by) 
    values
        (?, ?, ?, ?) 
    returning role_permission_id
]]></system-out>
    <system-err><![CDATA[WARNING: A Java agent has been loaded dynamically (C:\Users\yoges\.m2\repository\net\bytebuddy\byte-buddy-agent\1.14.19\byte-buddy-agent-1.14.19.jar)
WARNING: If a serviceability tool is in use, please run with -XX:+EnableDynamicAgentLoading to hide this warning
WARNING: If a serviceability tool is not in use, please run with -Djdk.instrument.traceUsage for more information
WARNING: Dynamic loading of agents will be disallowed by default in a future release
]]></system-err>
  </testcase>
</testsuite>